[21:59:49] [main/INFO] (FabricLoader/GameProvider) Loading Minecraft 1.21.11-pre1 with Fabric Loader 0.17.3
[21:59:50] [main/INFO] (FabricLoader) Loading 52 mods:
	- cloth-config 20.0.149
	   \-- cloth-basic-math 0.6.1
	- fabric-api 0.139.1+1.21.11
	- fabric-api-base 1.0.5+4ebb5c0879
	- fabric-api-lookup-api-v1 1.6.113+1fb1cde979
	- fabric-biome-api-v1 17.1.0+4ebb5c0879
	- fabric-block-api-v1 1.1.10+4ebb5c0879
	- fabric-block-view-api-v2 1.0.39+4ebb5c0879
	- fabric-client-gametest-api-v1 4.3.3+4ebb5c0879
	- fabric-command-api-v2 2.4.6+4ebb5c0879
	- fabric-content-registries-v0 10.2.13+1fb1cde979
	- fabric-convention-tags-v1 2.1.54+7f945d5b79
	- fabric-convention-tags-v2 2.17.2+4ebb5c0879
	- fabric-crash-report-info-v1 0.3.23+4ebb5c0879
	- fabric-data-attachment-api-v1 1.8.41+1fb1cde979
	- fabric-data-generation-api-v1 23.2.36+1fb1cde979
	- fabric-dimensions-v1 4.0.27+4ebb5c0879
	- fabric-entity-events-v1 3.0.5+4ebb5c0879
	- fabric-events-interaction-v0 4.0.43+1fb1cde979
	- fabric-game-rule-api-v1 2.0.2+4ebb5c0879
	- fabric-gametest-api-v1 3.1.26+4ebb5c0879
	- fabric-item-api-v1 11.5.18+4ebb5c0879
	- fabric-item-group-api-v1 4.2.35+4ebb5c0879
	- fabric-key-binding-api-v1 1.1.6+4ebb5c0879
	- fabric-lifecycle-events-v1 2.6.15+4ebb5c0879
	- fabric-loot-api-v2 3.0.72+3f89f5a579
	- fabric-loot-api-v3 2.0.19+4ebb5c0879
	- fabric-message-api-v1 6.1.12+4ebb5c0879
	- fabric-networking-api-v1 5.1.4+4ebb5c0879
	- fabric-object-builder-api-v1 21.1.36+1fb1cde979
	- fabric-particles-v1 4.2.9+4ebb5c0879
	- fabric-recipe-api-v1 8.2.2+4ebb5c0879
	- fabric-registry-sync-v0 6.2.3+4ebb5c0879
	- fabric-rendering-fluids-v1 3.1.43+4ebb5c0879
	- fabric-rendering-v1 16.2.5+1fb1cde979
	- fabric-resource-conditions-api-v1 5.0.34+4ebb5c0879
	- fabric-resource-loader-v0 3.3.3+4ebb5c0879
	- fabric-resource-loader-v1 1.0.9+4ebb5c0879
	- fabric-screen-api-v1 3.1.7+4ebb5c0879
	- fabric-screen-handler-api-v1 1.3.158+4ebb5c0879
	- fabric-serialization-api-v1 1.0.5+4ebb5c0879
	- fabric-sound-api-v1 1.0.50+4ebb5c0879
	- fabric-tag-api-v1 1.2.19+4ebb5c0879
	- fabric-transfer-api-v1 6.0.23+4ebb5c0879
	- fabric-transitive-access-wideners-v1 7.0.7+1fb1cde979
	- fabricloader 0.17.3
	- java 21
	- lunge-launch 0.1.0
	- minecraft 1.21.11-beta.1
	- mixinextras 0.5.0
	- modmenu 17.0.0-alpha.1
	   \-- placeholder-api 2.8.1+1.21.10
[21:59:55] [main/INFO] (FabricLoader/Mixin) SpongePowered MIXIN Subsystem Version=0.8.7 Source=file:/C:/Users/olive/.gradle/caches/modules-2/files-2.1/net.fabricmc/sponge-mixin/0.16.5+mixin.0.8.7/80fc3a9f592673cea87f4cd702f87991c6c9fe4d/sponge-mixin-0.16.5+mixin.0.8.7.jar Service=Knot/Fabric Env=CLIENT
[21:59:56] [main/INFO] (FabricLoader/Mixin) Loaded Fabric development mappings for mixin remapper!
[21:59:56] [main/INFO] (FabricLoader/Mixin) Compatibility level set to JAVA_21
[21:59:57] [main/INFO] (FabricLoader/MixinExtras|Service) Initializing MixinExtras via com.llamalad7.mixinextras.service.MixinExtrasServiceImpl(version=0.5.0).
[21:59:58] [Datafixer Bootstrap/INFO] (Minecraft) 287 Datafixer optimizations took 546 milliseconds
[22:00:04] [Render thread/INFO] (Minecraft) Environment: Environment[sessionHost=https://sessionserver.mojang.com, servicesHost=https://api.minecraftservices.com, profilesHost=https://api.mojang.com, name=PROD]
[22:00:04] [Render thread/INFO] (Minecraft) Setting user: Player983
[22:00:04] [Render thread/INFO] (lunge-launch) Lunge Launch mod initialized!
[22:00:04] [Render thread/INFO] (Mod Menu/Update Checker) Checking mod updates...
[22:00:04] [Download-2/ERROR] (Minecraft) Failed to fetch user properties
com.mojang.authlib.exceptions.InvalidCredentialsException: Status: 401
	at knot//com.mojang.authlib.exceptions.MinecraftClientHttpException.toAuthenticationException(MinecraftClientHttpException.java:59)
	at knot//com.mojang.authlib.yggdrasil.YggdrasilUserApiService.fetchProperties(YggdrasilUserApiService.java:150)
	at knot//net.minecraft.client.MinecraftClient.method_55608(MinecraftClient.java:457)
	at java.base/java.util.concurrent.CompletableFuture$AsyncSupply.run(CompletableFuture.java:1768)
	at java.base/java.util.concurrent.ThreadPoolExecutor.runWorker(ThreadPoolExecutor.java:1144)
	at java.base/java.util.concurrent.ThreadPoolExecutor$Worker.run(ThreadPoolExecutor.java:642)
	at java.base/java.lang.Thread.run(Thread.java:1583)
Caused by: com.mojang.authlib.exceptions.MinecraftClientHttpException: Status: 401
	at knot//com.mojang.authlib.minecraft.client.MinecraftClient.readInputStream(MinecraftClient.java:103)
	at knot//com.mojang.authlib.minecraft.client.MinecraftClient.get(MinecraftClient.java:56)
	at knot//com.mojang.authlib.yggdrasil.YggdrasilUserApiService.fetchProperties(YggdrasilUserApiService.java:121)
	... 5 more
[22:00:05] [Render thread/INFO] (Minecraft) Backend library: LWJGL version 3.3.3-snapshot
[22:00:05] [Render thread/INFO] (Minecraft) Using optional rendering extensions: GL_ARB_buffer_storage, GL_KHR_debug, GL_ARB_vertex_attrib_binding, GL_ARB_direct_state_access, GL_EXT_texture_filter_anisotropic
[22:00:06] [Render thread/INFO] (Minecraft) Reloading ResourceManager: vanilla, fabric, cloth-config, fabric-api, fabric-api-base, fabric-api-lookup-api-v1, fabric-biome-api-v1, fabric-block-api-v1, fabric-block-view-api-v2, fabric-client-gametest-api-v1, fabric-command-api-v2, fabric-content-registries-v0, fabric-convention-tags-v1, fabric-convention-tags-v2, fabric-crash-report-info-v1, fabric-data-attachment-api-v1, fabric-data-generation-api-v1, fabric-dimensions-v1, fabric-entity-events-v1, fabric-events-interaction-v0, fabric-game-rule-api-v1, fabric-gametest-api-v1, fabric-item-api-v1, fabric-item-group-api-v1, fabric-key-binding-api-v1, fabric-lifecycle-events-v1, fabric-loot-api-v2, fabric-loot-api-v3, fabric-message-api-v1, fabric-networking-api-v1, fabric-object-builder-api-v1, fabric-particles-v1, fabric-recipe-api-v1, fabric-registry-sync-v0, fabric-rendering-fluids-v1, fabric-rendering-v1, fabric-resource-conditions-api-v1, fabric-resource-loader-v0, fabric-resource-loader-v1, fabric-screen-api-v1, fabric-screen-handler-api-v1, fabric-serialization-api-v1, fabric-sound-api-v1, fabric-tag-api-v1, fabric-transfer-api-v1, fabric-transitive-access-wideners-v1, fabricloader, lunge-launch, modmenu, placeholder-api
[22:00:06] [Download-2/INFO] (Minecraft) Could not authorize you against Realms server: java.lang.RuntimeException: Failed to parse into SignedJWT: FabricMC
[22:00:06] [Download-2/ERROR] (Minecraft) Failed to fetch Realms feature flags
net.minecraft.client.realms.exception.RealmsServiceException: Realms authentication error with message 'java.lang.RuntimeException: Failed to parse into SignedJWT: FabricMC'
	at knot//net.minecraft.client.realms.RealmsClient.execute(RealmsClient.java:526)
	at knot//net.minecraft.client.realms.RealmsClient.fetchFeatureFlags(RealmsClient.java:186)
	at java.base/java.util.concurrent.CompletableFuture$AsyncSupply.run(CompletableFuture.java:1768)
	at java.base/java.util.concurrent.ThreadPoolExecutor.runWorker(ThreadPoolExecutor.java:1144)
	at java.base/java.util.concurrent.ThreadPoolExecutor$Worker.run(ThreadPoolExecutor.java:642)
	at java.base/java.lang.Thread.run(Thread.java:1583)
[22:00:07] [Worker-Main-13/INFO] (Minecraft) Found unifont_pua-17.0.01.hex, loading
[22:00:07] [Worker-Main-12/INFO] (Minecraft) Found unifont_all_no_pua-17.0.01.hex, loading
[22:00:07] [Worker-Main-10/INFO] (Minecraft) Found unifont_jp_patch-17.0.01.hex, loading
[22:00:09] [Render thread/INFO] (Minecraft) OpenAL initialized on device OpenAL Soft on Headphones (3- WH-1000XM5)
[22:00:09] [Render thread/INFO] (Minecraft) Sound engine started
[22:00:09] [Render thread/INFO] (Minecraft) Created: 512x256x0 minecraft:textures/atlas/particles.png-atlas
[22:00:09] [Render thread/INFO] (Minecraft) Created: 128x128x0 minecraft:textures/atlas/decorated_pot.png-atlas
[22:00:09] [Render thread/INFO] (Minecraft) Created: 2048x1024x0 minecraft:textures/atlas/armor_trims.png-atlas
[22:00:09] [Render thread/INFO] (Minecraft) Created: 512x256x0 minecraft:textures/atlas/paintings.png-atlas
[22:00:09] [Render thread/INFO] (Minecraft) Created: 1024x512x0 minecraft:textures/atlas/shield_patterns.png-atlas
[22:00:09] [Render thread/INFO] (Minecraft) Created: 2048x2048x4 minecraft:textures/atlas/blocks.png-atlas
[22:00:09] [Render thread/INFO] (Minecraft) Created: 512x512x0 minecraft:textures/atlas/chest.png-atlas
[22:00:09] [Render thread/INFO] (Minecraft) Created: 256x128x0 minecraft:textures/atlas/celestials.png-atlas
[22:00:09] [Render thread/INFO] (Minecraft) Created: 1024x512x0 minecraft:textures/atlas/banner_patterns.png-atlas
[22:00:09] [Render thread/INFO] (Minecraft) Created: 512x512x0 minecraft:textures/atlas/beds.png-atlas
[22:00:09] [Render thread/INFO] (Minecraft) Created: 1024x512x0 minecraft:textures/atlas/items.png-atlas
[22:00:09] [Render thread/INFO] (Minecraft) Created: 1024x1024x0 minecraft:textures/atlas/gui.png-atlas
[22:00:09] [Render thread/INFO] (Minecraft) Created: 128x64x0 minecraft:textures/atlas/map_decorations.png-atlas
[22:00:09] [Render thread/INFO] (Minecraft) Created: 512x256x0 minecraft:textures/atlas/signs.png-atlas
[22:00:09] [Render thread/INFO] (Minecraft) Created: 512x512x0 minecraft:textures/atlas/shulker_boxes.png-atlas
[22:00:10] [IO-Worker-1/INFO] (Minecraft) Could not authorize you against Realms server: java.lang.RuntimeException: Failed to parse into SignedJWT: FabricMC
[22:00:10] [IO-Worker-1/ERROR] (Minecraft) Couldn't connect to realms
net.minecraft.client.realms.exception.RealmsServiceException: Realms authentication error with message 'java.lang.RuntimeException: Failed to parse into SignedJWT: FabricMC'
	at knot//net.minecraft.client.realms.RealmsClient.execute(RealmsClient.java:526)
	at knot//net.minecraft.client.realms.RealmsClient.clientCompatible(RealmsClient.java:307)
	at knot//net.minecraft.client.realms.RealmsAvailability.method_52627(RealmsAvailability.java:48)
	at java.base/java.util.concurrent.CompletableFuture$AsyncSupply.run(CompletableFuture.java:1768)
	at java.base/java.util.concurrent.ThreadPoolExecutor.runWorker(ThreadPoolExecutor.java:1144)
	at java.base/java.util.concurrent.ThreadPoolExecutor$Worker.run(ThreadPoolExecutor.java:642)
	at java.base/java.lang.Thread.run(Thread.java:1583)
[22:00:17] [Render thread/INFO] (Minecraft) Loaded 1470 recipes
[22:00:17] [Render thread/INFO] (Minecraft) Loaded 1584 advancements
[22:00:17] [Render thread/INFO] (BiomeModificationImpl) Applied 0 biome modifications to 0 of 65 new biomes in 2.603 ms
[22:00:17] [Server thread/INFO] (Minecraft) Starting integrated minecraft server version 1.21.11 Pre-Release 1
[22:00:17] [Server thread/INFO] (Minecraft) Generating keypair
[22:00:17] [Server thread/INFO] (Minecraft) Loading 0 persistent chunks...
[22:00:18] [Server thread/INFO] (Minecraft) Loading 49 chunks for player spawn...
[22:00:18] [Server thread/INFO] (Minecraft) Preparing spawn area: 16%
[22:00:18] [Server thread/INFO] (Minecraft) Preparing spawn area: 16%
[22:00:18] [Server thread/INFO] (Minecraft) Preparing spawn area: 100%
[22:00:18] [Server thread/INFO] (Minecraft) Time elapsed: 1040 ms
[22:00:18] [Server thread/INFO] (Minecraft) Player983[local:E:340e2465] logged in with entity id 71 at (-180.9576216009766, 72.0, 389.10004339409136)
[22:00:19] [Server thread/INFO] (Minecraft) Player983 joined the game
[22:00:19] [Server thread/INFO] (Minecraft) Player983 has reached the goal [Sky's the Limit]
[22:00:19] [Server thread/INFO] (Minecraft) Changing view distance to 12, from 10
[22:00:19] [Server thread/INFO] (Minecraft) Changing simulation distance to 12, from 0
[22:00:19] [Render thread/INFO] (Minecraft) [System] [CHAT] Player983 has reached the goal [Sky's the Limit]
[22:00:19] [Render thread/INFO] (Minecraft) Loaded 16 advancements
[22:00:19] [Render thread/INFO] (Minecraft) Resizing Dynamic Transforms UBO, capacity limit of 2 reached during a single frame. New capacity will be 4.
[22:00:19] [Render thread/INFO] (Minecraft) Resizing Dynamic Transforms UBO, capacity limit of 4 reached during a single frame. New capacity will be 8.
[22:00:19] [Render thread/INFO] (Minecraft) Resizing Chunk Sections UBO, capacity limit of 2 reached during a single frame. New capacity will be 8.
[22:00:19] [Render thread/INFO] (Minecraft) Resizing Chunk Sections UBO, capacity limit of 8 reached during a single frame. New capacity will be 16.
[22:00:19] [Render thread/INFO] (Minecraft) Resizing Chunk Sections UBO, capacity limit of 16 reached during a single frame. New capacity will be 32.
[22:00:20] [Render thread/INFO] (Minecraft) Resizing Chunk Sections UBO, capacity limit of 32 reached during a single frame. New capacity will be 64.
[22:00:20] [Render thread/INFO] (Minecraft) Resizing Chunk Sections UBO, capacity limit of 64 reached during a single frame. New capacity will be 128.
[22:00:20] [Render thread/INFO] (Minecraft) Resizing Chunk Sections UBO, capacity limit of 128 reached during a single frame. New capacity will be 256.
[22:00:21] [Render thread/INFO] (Minecraft) Resizing Chunk Sections UBO, capacity limit of 256 reached during a single frame. New capacity will be 512.
[22:00:22] [Render thread/INFO] (Minecraft) Resizing Chunk Sections UBO, capacity limit of 512 reached during a single frame. New capacity will be 1024.
[22:00:23] [Render thread/INFO] (Minecraft) Resizing Dynamic Transforms UBO, capacity limit of 8 reached during a single frame. New capacity will be 16.
[22:00:24] [Render thread/INFO] (Minecraft) Resizing Dynamic Transforms UBO, capacity limit of 16 reached during a single frame. New capacity will be 32.
[22:00:38] [Render thread/INFO] (Minecraft) Resizing Chunk Sections UBO, capacity limit of 1024 reached during a single frame. New capacity will be 2048.
[22:00:40] [Render thread/INFO] (Minecraft) Loaded 26 advancements
[22:01:00] [Render thread/INFO] (Minecraft) Loaded 47 advancements
[22:01:10] [Render thread/WARN] (Minecraft) Unable to play empty soundEvent: minecraft:entity.cod.ambient
[22:01:47] [Server thread/INFO] (Minecraft) Saving and pausing game...
[22:01:47] [Server thread/INFO] (Minecraft) Saving chunks for level 'ServerLevel[Lunge Launch]'/minecraft:overworld
[22:01:47] [Server thread/INFO] (Minecraft) Saving chunks for level 'ServerLevel[Lunge Launch]'/minecraft:the_end
[22:01:47] [Server thread/INFO] (Minecraft) Saving chunks for level 'ServerLevel[Lunge Launch]'/minecraft:the_nether
[22:01:50] [Render thread/INFO] (Minecraft) [System] [CHAT] [Debug]: Pause on lost focus: disabled
[22:01:51] [Server thread/INFO] (Minecraft) Saving and pausing game...
[22:01:51] [Server thread/INFO] (Minecraft) Saving chunks for level 'ServerLevel[Lunge Launch]'/minecraft:overworld
[22:01:51] [Server thread/INFO] (Minecraft) Saving chunks for level 'ServerLevel[Lunge Launch]'/minecraft:the_end
[22:01:51] [Server thread/INFO] (Minecraft) Saving chunks for level 'ServerLevel[Lunge Launch]'/minecraft:the_nether
[22:01:51] [Server thread/INFO] (Minecraft) Player983 lost connection: Disconnected
[22:01:51] [Server thread/INFO] (Minecraft) Player983 left the game
[22:01:51] [Server thread/INFO] (Minecraft) Stopping singleplayer server as player logged out
[22:01:51] [Server thread/INFO] (Minecraft) Stopping server
[22:01:51] [Server thread/INFO] (Minecraft) Saving players
[22:01:51] [Server thread/INFO] (Minecraft) Saving worlds
[22:01:51] [Server thread/INFO] (Minecraft) Saving chunks for level 'ServerLevel[Lunge Launch]'/minecraft:overworld
[22:01:52] [Server thread/INFO] (Minecraft) Saving chunks for level 'ServerLevel[Lunge Launch]'/minecraft:the_end
[22:01:52] [Server thread/INFO] (Minecraft) Saving chunks for level 'ServerLevel[Lunge Launch]'/minecraft:the_nether
[22:01:52] [Server thread/INFO] (Minecraft) ThreadedAnvilChunkStorage (Lunge Launch): All chunks are saved
[22:01:52] [Server thread/INFO] (Minecraft) ThreadedAnvilChunkStorage (DIM1): All chunks are saved
[22:01:52] [Server thread/INFO] (Minecraft) ThreadedAnvilChunkStorage (DIM-1): All chunks are saved
[22:01:52] [Server thread/INFO] (Minecraft) ThreadedAnvilChunkStorage: All dimensions are saved
[22:01:52] [Render thread/INFO] (Minecraft) Stopping!
